<?xml version="1.0" encoding="UTF-8"?>
<testsuite name="TestFunctions" tests="1" skipped="0" failures="0" errors="0" timestamp="2019-01-05T12:21:23" hostname="FatalPC" time="0.056">
  <properties/>
  <testcase name="collection" classname="TestFunctions" time="0.056"/>
  <system-out><![CDATA[]]></system-out>
  <system-err><![CDATA[]]></system-err>
</testsuite>
