<?xml version="1.0" encoding="UTF-8"?>
<testsuite name="TestNamedArguments" tests="1" skipped="0" failures="0" errors="0" timestamp="2019-01-05T12:25:28" hostname="FatalPC" time="0.04">
  <properties/>
  <testcase name="testJoinToString" classname="TestNamedArguments" time="0.04"/>
  <system-out><![CDATA[]]></system-out>
  <system-err><![CDATA[]]></system-err>
</testsuite>
